{
  "RSpec": {
    "coverage": {
      "/Users/amandacrawford/Dropbox/Code/climbalytics/lib/development_database_switch.rb": [
        1,
        null,
        1,
        1,
        null,
        null,
        1,
        1,
        null,
        null,
        1,
        1,
        null,
        2,
        2,
        2,
        2,
        2,
        null,
        0,
        null,
        null,
        null,
        1,
        4,
        null,
        1,
        1,
        4,
        null,
        null
      ],
      "/Users/amandacrawford/Dropbox/Code/climbalytics/app/models/concerns/randomable.rb": [
        1,
        null,
        1,
        null,
        1,
        1,
        81,
        null,
        null,
        null,
        null
      ],
      "/Users/amandacrawford/Dropbox/Code/climbalytics/app/models/athlete_climb_log_observer.rb": [
        1,
        1,
        33,
        null,
        null
      ],
      "/Users/amandacrawford/Dropbox/Code/climbalytics/app/models/athlete_climb_log.rb": [
        1,
        null,
        1,
        null,
        1,
        1,
        1,
        0,
        null,
        1,
        null,
        1,
        1,
        1,
        null,
        1,
        1,
        null,
        1,
        null,
        null,
        1,
        29,
        29,
        29,
        null,
        null,
        null,
        1,
        29,
        29,
        29,
        null,
        null,
        null,
        null,
        1,
        null,
        null
      ],
      "/Users/amandacrawford/Dropbox/Code/climbalytics/app/models/user.rb": [
        1,
        null,
        1,
        1,
        1,
        null,
        null,
        null,
        null,
        1,
        1,
        19,
        19,
        null,
        null,
        null,
        null,
        1,
        1,
        19,
        19,
        19,
        null,
        0,
        null,
        null,
        1,
        null,
        null,
        null,
        null,
        1,
        1,
        null,
        1,
        1,
        null,
        1,
        18,
        null,
        null,
        1,
        null,
        null,
        1,
        0,
        null,
        null,
        null,
        null,
        null,
        1,
        null,
        null,
        null,
        null,
        1,
        null,
        null,
        null,
        null,
        1,
        1,
        null,
        1,
        null
      ],
      "/Users/amandacrawford/Dropbox/Code/climbalytics/app/models/user_account.rb": [
        1,
        null,
        null,
        1,
        null,
        null,
        1,
        null,
        1,
        null
      ],
      "/Users/amandacrawford/Dropbox/Code/climbalytics/app/controllers/custom_failure.rb": [
        1,
        1,
        0,
        null,
        null,
        1,
        0,
        0,
        null,
        0,
        null,
        null,
        null
      ],
      "/Users/amandacrawford/Dropbox/Code/climbalytics/app/helpers/application_helper.rb": [
        1,
        1,
        42,
        0,
        null,
        42,
        null,
        null,
        null,
        1,
        38,
        null,
        null,
        1,
        null,
        1,
        42,
        null,
        null
      ],
      "/Users/amandacrawford/Dropbox/Code/climbalytics/app/helpers/climbs_helper.rb": [
        1,
        1,
        0,
        null,
        null,
        1,
        1,
        1,
        1,
        0,
        null,
        1,
        null,
        0,
        0,
        null,
        null,
        null,
        null,
        null
      ],
      "/Users/amandacrawford/Dropbox/Code/climbalytics/app/helpers/flash_helper.rb": [
        1,
        1,
        42,
        null,
        null,
        null,
        null,
        null,
        42,
        126,
        null,
        42,
        null,
        null,
        1,
        null,
        1,
        42,
        null,
        null
      ],
      "/Users/amandacrawford/Dropbox/Code/climbalytics/app/helpers/form_helper.rb": [
        1,
        1,
        18,
        18,
        null,
        null
      ],
      "/Users/amandacrawford/Dropbox/Code/climbalytics/app/helpers/gyms_helper.rb": [
        1,
        1,
        0,
        null,
        null,
        1,
        1,
        1,
        null,
        0,
        null,
        null,
        null
      ],
      "/Users/amandacrawford/Dropbox/Code/climbalytics/lib/sometimes.rb": [
        1,
        null,
        1,
        0,
        0,
        0,
        null,
        0,
        null,
        null,
        null,
        null,
        1,
        null,
        null,
        null,
        null,
        null,
        null,
        null,
        null,
        null,
        1,
        715,
        715,
        715,
        715,
        null,
        0,
        null,
        null,
        0,
        null,
        null,
        null
      ],
      "/Users/amandacrawford/Dropbox/Code/climbalytics/lib/factories/factories.rb": [
        11,
        1
      ],
      "/Users/amandacrawford/Dropbox/Code/climbalytics/lib/factories/athlete_climb_logs.rb": [
        1,
        1,
        1,
        58,
        null,
        1,
        58,
        null,
        1,
        29,
        29,
        null,
        null,
        null,
        null,
        null,
        null,
        1,
        30,
        1,
        1,
        1,
        null,
        null,
        1,
        29,
        null,
        null,
        null
      ],
      "/Users/amandacrawford/Dropbox/Code/climbalytics/lib/factories/athletes.rb": [
        1,
        1,
        1,
        2,
        1,
        null,
        null,
        null
      ],
      "/Users/amandacrawford/Dropbox/Code/climbalytics/lib/factories/climb_seshes.rb": [
        1,
        1,
        1,
        340,
        null,
        1,
        340,
        null,
        null,
        null
      ],
      "/Users/amandacrawford/Dropbox/Code/climbalytics/lib/factories/climbs.rb": [
        1,
        1,
        1,
        144,
        null,
        1,
        144,
        null,
        1,
        144,
        null,
        null,
        1,
        1,
        null,
        null,
        null
      ],
      "/Users/amandacrawford/Dropbox/Code/climbalytics/lib/factories/gyms.rb": [
        1,
        1,
        1,
        1,
        2,
        null,
        null,
        null
      ],
      "/Users/amandacrawford/Dropbox/Code/climbalytics/lib/factories/locations.rb": [
        1,
        1,
        1,
        null,
        null
      ],
      "/Users/amandacrawford/Dropbox/Code/climbalytics/lib/factories/setter_climb_logs.rb": [
        1,
        1,
        1,
        42,
        42,
        null,
        null,
        null,
        null,
        null,
        1,
        1,
        null,
        null,
        null
      ],
      "/Users/amandacrawford/Dropbox/Code/climbalytics/lib/factories/setters.rb": [
        1,
        1,
        1,
        2,
        1,
        null,
        null,
        null
      ],
      "/Users/amandacrawford/Dropbox/Code/climbalytics/lib/factories/users.rb": [
        1,
        1,
        1,
        2,
        null,
        null,
        null
      ],
      "/Users/amandacrawford/Dropbox/Code/climbalytics/app/models/role.rb": [
        1,
        1,
        1,
        null,
        1,
        null,
        null,
        null,
        1,
        null,
        1,
        1,
        10,
        4,
        4,
        40,
        null,
        null,
        null,
        null,
        1,
        0,
        0,
        0,
        null,
        0,
        null,
        null,
        null,
        null
      ],
      "/Users/amandacrawford/Dropbox/Code/climbalytics/app/models/address.rb": [
        1,
        null,
        1,
        1,
        1,
        null,
        1,
        1,
        null,
        1,
        1,
        null,
        1,
        0,
        null,
        null,
        null,
        null,
        1,
        9,
        null,
        null,
        1,
        150,
        null,
        null,
        null
      ],
      "/Users/amandacrawford/Dropbox/Code/climbalytics/app/models/state.rb": [
        1,
        null,
        null,
        null,
        1,
        1,
        null
      ],
      "/Users/amandacrawford/Dropbox/Code/climbalytics/app/models/athlete_story.rb": [
        1,
        null,
        1,
        1,
        null,
        1,
        null,
        null,
        null,
        null,
        null,
        1,
        null,
        1,
        33,
        null,
        33,
        31,
        31,
        31,
        null,
        null,
        33,
        null,
        1,
        50,
        80,
        0,
        null,
        null,
        null,
        null,
        null,
        1,
        6,
        null,
        null,
        null,
        null
      ],
      "/Users/amandacrawford/Dropbox/Code/climbalytics/app/models/climb.rb": [
        1,
        1,
        null,
        1,
        1,
        2,
        null,
        1,
        null,
        1,
        35,
        null,
        2,
        1,
        1,
        null,
        1,
        0,
        0,
        null,
        1,
        null,
        1,
        72,
        72,
        null,
        0,
        null,
        null,
        null,
        1,
        72,
        72,
        null,
        0,
        null,
        null,
        null,
        1,
        null,
        1,
        null,
        null,
        null,
        null,
        null,
        null,
        null,
        1,
        1,
        null,
        null,
        1,
        1,
        null
      ],
      "/Users/amandacrawford/Dropbox/Code/climbalytics/app/models/concerns/searchable.rb": [
        null,
        null,
        null,
        1,
        1,
        null,
        1,
        1,
        null,
        1,
        1,
        2,
        null,
        1,
        null,
        null,
        null
      ],
      "/Users/amandacrawford/Dropbox/Code/climbalytics/app/models/gym_section.rb": [
        1,
        1,
        null,
        1,
        null,
        1,
        null
      ],
      "/Users/amandacrawford/Dropbox/Code/climbalytics/app/models/gym.rb": [
        1,
        1,
        1,
        1,
        1,
        1,
        null,
        null,
        1,
        1,
        1,
        1,
        null,
        1,
        1,
        null,
        1,
        1,
        null
      ],
      "/Users/amandacrawford/Dropbox/Code/climbalytics/app/uploaders/topo_uploader.rb": [
        null,
        null,
        1,
        null,
        null,
        null,
        1,
        null,
        null,
        1,
        null,
        null,
        null,
        null,
        1,
        18,
        null,
        null,
        null,
        null,
        null,
        null,
        null,
        null,
        null,
        null,
        null,
        null,
        null,
        null,
        null,
        null,
        null,
        null,
        1,
        1,
        null,
        null,
        null,
        null,
        null,
        null,
        null,
        null,
        null,
        null,
        null,
        null,
        null,
        null,
        null
      ],
      "/Users/amandacrawford/Dropbox/Code/climbalytics/app/models/location.rb": [
        1,
        1,
        1,
        1,
        1,
        16,
        null,
        1,
        null,
        1,
        null
      ],
      "/Users/amandacrawford/Dropbox/Code/climbalytics/app/models/climb_sesh.rb": [
        1,
        1,
        1,
        1,
        1,
        null
      ],
      "/Users/amandacrawford/Dropbox/Code/climbalytics/app/models/setter_climb_log.rb": [
        1,
        null,
        null,
        null,
        null,
        1,
        null,
        null,
        null,
        null,
        1,
        null,
        1,
        0,
        null,
        null,
        null,
        null,
        null,
        1,
        null,
        null,
        null,
        null,
        1,
        1,
        1,
        null,
        1,
        null
      ],
      "/Users/amandacrawford/Dropbox/Code/climbalytics/app/uploaders/picture_uploader.rb": [
        null,
        null,
        1,
        null,
        null,
        null,
        null,
        null,
        null,
        1,
        null,
        null,
        null,
        null,
        1,
        42,
        null,
        null,
        null,
        null,
        null,
        null,
        null,
        null,
        null,
        null,
        null,
        null,
        null,
        null,
        null,
        null,
        null,
        null,
        null,
        null,
        null,
        null,
        null,
        null,
        null,
        null,
        null,
        null,
        null,
        null,
        null,
        null,
        null,
        null,
        null
      ],
      "/Users/amandacrawford/Dropbox/Code/climbalytics/app/models/setter_story.rb": [
        1,
        1,
        1,
        null
      ],
      "/Users/amandacrawford/Dropbox/Code/climbalytics/app/models/route.rb": [
        1,
        null,
        null,
        null,
        null,
        null,
        7,
        31,
        null,
        null
      ],
      "/Users/amandacrawford/Dropbox/Code/climbalytics/app/models/boulder.rb": [
        1,
        null,
        null,
        null,
        null,
        18,
        null,
        null
      ],
      "/Users/amandacrawford/Dropbox/Code/climbalytics/app/controllers/home_controller.rb": [
        1,
        1,
        null,
        1,
        33,
        15,
        18,
        8,
        null,
        10,
        10,
        10,
        null,
        null,
        null
      ],
      "/Users/amandacrawford/Dropbox/Code/climbalytics/app/controllers/application_controller.rb": [
        1,
        null,
        null,
        1,
        null,
        null,
        null,
        null,
        1,
        null,
        null,
        null,
        null,
        1,
        1,
        null,
        1,
        1,
        237,
        null,
        1,
        75,
        null,
        1,
        null,
        1,
        null,
        null,
        null,
        null,
        1,
        1,
        null,
        null,
        null,
        null,
        null,
        1,
        0,
        0,
        null,
        null,
        null
      ],
      "/Users/amandacrawford/Dropbox/Code/climbalytics/app/controllers/athlete_dashboards_controller.rb": [
        1,
        1,
        null,
        null
      ],
      "/Users/amandacrawford/Dropbox/Code/climbalytics/app/controllers/climb_pickers_controller.rb": [
        1,
        1,
        1,
        1,
        null,
        null,
        1,
        1,
        0,
        null,
        null
      ],
      "/Users/amandacrawford/Dropbox/Code/climbalytics/app/controllers/climbs_controller.rb": [
        1,
        1,
        1,
        1,
        null,
        null,
        1,
        1,
        1,
        null,
        null
      ],
      "/Users/amandacrawford/Dropbox/Code/climbalytics/app/controllers/athlete_climb_logs_controller.rb": [
        1,
        1,
        null,
        null,
        null,
        1,
        1,
        1,
        1,
        null,
        null,
        null,
        1,
        0,
        null,
        null,
        null,
        1,
        0,
        0,
        0,
        0,
        0,
        null,
        0,
        null,
        null,
        null,
        null,
        1,
        0,
        0,
        0,
        null,
        0,
        null,
        null,
        null,
        1,
        null,
        1,
        0,
        null,
        null,
        null,
        1,
        3,
        null,
        null,
        null,
        null,
        null,
        null,
        null,
        null,
        null,
        null,
        null,
        null,
        null,
        null,
        null,
        null,
        null,
        null,
        null,
        null,
        null,
        null,
        1,
        1,
        null,
        null,
        1,
        1,
        null,
        null,
        1,
        1,
        null,
        1,
        null,
        null,
        1,
        1,
        null,
        1,
        1,
        null,
        0,
        null,
        null,
        null
      ],
      "/Users/amandacrawford/Dropbox/Code/climbalytics/app/policies/athlete_climb_log_policy.rb": [
        1,
        1,
        1,
        0,
        null,
        1,
        1,
        null,
        1,
        0,
        null,
        1,
        0,
        null,
        1,
        0,
        null,
        1,
        0,
        null,
        null
      ],
      "/Users/amandacrawford/Dropbox/Code/climbalytics/app/policies/application_policy.rb": [
        1,
        1,
        null,
        1,
        1,
        1,
        1,
        null,
        null,
        1,
        0,
        null,
        null,
        1,
        0,
        null,
        null,
        1,
        0,
        null,
        null,
        1,
        0,
        null,
        null,
        1,
        0,
        null,
        null,
        1,
        0,
        null,
        null,
        1,
        0,
        null,
        null,
        1,
        0,
        null,
        null,
        1,
        1,
        null,
        1,
        0,
        0,
        null,
        null,
        1,
        0,
        null,
        null,
        null
      ],
      "/Users/amandacrawford/Dropbox/Code/climbalytics/app/controllers/users_controller.rb": [
        1,
        1,
        null,
        1,
        null,
        null,
        1,
        4,
        4,
        4,
        7,
        5,
        null,
        0,
        0,
        null,
        null,
        null,
        null,
        1,
        1,
        4,
        null,
        null,
        1,
        4,
        3,
        3,
        null,
        null,
        null,
        1,
        4,
        null,
        null,
        null,
        null,
        1,
        4,
        null,
        null
      ],
      "/Users/amandacrawford/Dropbox/Code/climbalytics/app/controllers/nearby_gyms_controller.rb": [
        1,
        1,
        1,
        null,
        null
      ],
      "/Users/amandacrawford/Dropbox/Code/climbalytics/app/controllers/setter_dashboards_controller.rb": [
        1,
        1,
        null,
        null
      ],
      "/Users/amandacrawford/Dropbox/Code/climbalytics/app/controllers/current_roles_controller.rb": [
        1,
        1,
        1,
        1,
        1,
        null,
        null
      ],
      "/Users/amandacrawford/Dropbox/Code/climbalytics/app/controllers/flashes_controller.rb": [
        0,
        0,
        0,
        0,
        0,
        0,
        0,
        0,
        0,
        0,
        0
      ],
      "/Users/amandacrawford/Dropbox/Code/climbalytics/app/controllers/gyms_controller.rb": [
        0,
        0,
        0,
        0,
        0,
        0,
        0,
        0,
        0,
        0,
        0,
        0,
        0,
        0,
        0,
        0,
        0,
        0,
        0,
        0,
        0,
        0,
        0,
        0,
        0,
        0,
        0,
        0,
        0,
        0,
        0,
        0,
        0,
        0,
        0,
        0,
        0,
        0,
        0,
        0,
        0,
        0,
        0,
        0,
        0,
        0,
        0,
        0,
        0,
        0,
        0,
        0,
        0,
        0,
        0,
        0,
        0,
        0,
        0,
        0,
        0,
        0,
        0,
        0,
        0,
        0,
        0,
        0,
        0,
        0
      ],
      "/Users/amandacrawford/Dropbox/Code/climbalytics/app/policies/setter_climb_log_policy.rb": [
        0,
        0,
        0,
        0,
        0,
        0,
        0,
        0,
        0,
        0,
        0,
        0,
        0,
        0,
        0
      ],
      "/Users/amandacrawford/Dropbox/Code/climbalytics/lib/geocoding_stubs.rb": [
        0,
        0,
        0,
        0,
        0,
        0,
        0,
        0,
        0,
        0,
        0,
        0,
        0,
        0,
        0,
        0,
        0,
        0,
        0,
        0,
        0,
        0,
        0,
        0,
        0,
        0,
        0,
        0,
        0,
        0,
        0,
        0,
        0
      ]
    },
    "timestamp": 1459531880
  }
}
